Starting ConnectionPool:
dbDriver = com.mysql.jdbc.Driver
dbServer = jdbc:mysql://localhost:3306/yazd_db?useSSL=false
dbLogin = admin
log file = D:\Program Files\JetBrains\JavaEEProjects\YazdDemo\log\yazdDbLog.log
minconnections = 2
maxconnections = 5
Total refresh interval = 8000.0 days
-----------------------------------------
--->Attempt (1 of 20) failed to create new connections set at startup: 
    java.sql.SQLException: Access denied for user 'admin'@'localhost' (using password: YES)
    Will try again in 15 seconds...
--->Attempt (2 of 20) failed to create new connections set at startup: 
    java.sql.SQLException: Access denied for user 'admin'@'localhost' (using password: YES)
    Will try again in 15 seconds...
--->Attempt (3 of 20) failed to create new connections set at startup: 
    java.sql.SQLException: Access denied for user 'admin'@'localhost' (using password: YES)
    Will try again in 15 seconds...
--->Attempt (4 of 20) failed to create new connections set at startup: 
    java.sql.SQLException: Access denied for user 'admin'@'localhost' (using password: YES)
    Will try again in 15 seconds...
--->Attempt (5 of 20) failed to create new connections set at startup: 
    java.sql.SQLException: Access denied for user 'admin'@'localhost' (using password: YES)
    Will try again in 15 seconds...
--->Attempt (6 of 20) failed to create new connections set at startup: 
    java.sql.SQLException: No suitable driver found for jdbc:mysql://localhost:3306/yazd_db?useSSL=false
    Will try again in 15 seconds...
